<?xml version="1.0" encoding="utf-8"?><testsuites name="pytest tests"><testsuite name="pytest" errors="0" failures="1" skipped="0" tests="19" time="5.213" timestamp="2026-09-06T08:27:57.945846+00:00" hostname="agent-env-3a6f137c-b146-49f7-8ee5-cdc6e0090d60"><testcase classname="tests.test_fase3.TestRegressionFase12" name="test_admin_login" time="0.460" /><testcase classname="tests.test_fase3.TestRegressionFase12" name="test_operator_login" time="0.443" /><testcase classname="tests.test_fase3.TestWhatsAppConfig" name="test_get_initial_config" time="0.909" /><testcase classname="tests.test_fase3.TestRegressionFase12" name="test_priorities" time="0.508" /><testcase classname="tests.test_fase3.TestWhatsAppConfig" name="test_operator_forbidden" time="0.729" /><testcase classname="tests.test_fase3.TestRegressionFase12" name="test_pipeline_8" time="0.064" /><testcase classname="tests.test_fase3.TestRegressionFase12" name="test_analytics" time="0.108" /><testcase classname="tests.test_fase3.TestServicesAndImage" name="test_five_services_present" time="0.063" /><testcase classname="tests.test_fase3.TestWhatsAppConfig" name="test_patch_sets_configured_and_masked" time="0.069" /><testcase classname="tests.test_fase3.TestServicesAndImage" name="test_patch_service_immagine" time="0.123" /><testcase classname="tests.test_fase3.TestWhatsAppWebhook" name="test_verify_ok" time="0.111" /><testcase classname="tests.test_fase3.TestWhatsAppWebhook" name="test_verify_wrong_token_403" time="0.240" /><testcase classname="tests.test_fase3.TestWhatsAppWebhook" name="test_post_generic_object" time="0.066" /><testcase classname="tests.test_fase3.TestUploadRBAC" name="test_operator_upload_forbidden" time="0.385" /><testcase classname="tests.test_fase3.TestRealAIReply" name="test_ai_pricing_reply_bomba" time="2.201" /><testcase classname="tests.test_fase3.TestUploadAndServe" name="test_upload_and_serve" time="0.076"><failure message="AssertionError: {&quot;detail&quot;:[{&quot;type&quot;:&quot;missing&quot;,&quot;loc&quot;:[&quot;body&quot;,&quot;file&quot;],&quot;msg&quot;:&quot;Field required&quot;,&quot;input&quot;:null,&quot;url&quot;:&quot;https://errors.pydantic.dev/2.13/v/missing&quot;}]}&#10;assert 422 == 200&#10; +  where 422 = &lt;Response [422]&gt;.status_code">backend/tests/test_fase3.py:40: in test_upload_and_serve
    assert r.status_code == 200, r.text
E   AssertionError: {"detail":[{"type":"missing","loc":["body","file"],"msg":"Field required","input":null,"url":"https://errors.pydantic.dev/2.13/v/missing"}]}
E   assert 422 == 200
E    +  where 422 = &lt;Response [422]&gt;.status_code</failure></testcase><testcase classname="tests.test_fase3.TestFirstMessageWithPhoto" name="test_simulate_bomba_creates_image_then_text" time="0.252" /><testcase classname="tests.test_fase3.TestAIHandoffStillWorks" name="test_handoff_prenotazione" time="0.510" /><testcase classname="tests.test_fase3.TestIntegrationsStatus" name="test_status" time="0.063" /></testsuite></testsuites>