<?xml version="1.0" encoding="utf-8"?><testsuites name="pytest tests"><testsuite name="pytest" errors="0" failures="0" skipped="0" tests="11" time="17.879" timestamp="2026-09-08T03:04:15.827023+00:00" hostname="agent-env-3a6f137c-b146-49f7-8ee5-cdc6e0090d60"><testcase classname="tests.test_attesa_chiamata_e2e" name="test_config_stages_contains_attesa_chiamata" time="0.611" /><testcase classname="tests.test_attesa_chiamata_e2e" name="test_pipeline_includes_attesa_chiamata_stage" time="0.141" /><testcase classname="tests.test_attesa_chiamata_e2e" name="test_meta_simulate_creates_lead_and_conversation" time="0.478" /><testcase classname="tests.test_attesa_chiamata_e2e" name="test_ai_tone_never_reveals_ai_identity" time="15.597" /><testcase classname="tests.test_attesa_chiamata_e2e" name="test_ai_tone_not_always_perfetto" time="0.000" /><testcase classname="tests.test_attesa_chiamata_e2e" name="test_ai_tone_no_repeated_openings" time="0.000" /><testcase classname="tests.test_attesa_chiamata_e2e" name="test_ai_price_strategy_has_future_expiry_date" time="0.005" /><testcase classname="tests.test_attesa_chiamata_e2e" name="test_handoff_moves_lead_to_attesa_chiamata" time="0.286" /><testcase classname="tests.test_attesa_chiamata_e2e" name="test_home_priorities_lists_the_new_attesa_lead" time="0.136" /><testcase classname="tests.test_attesa_chiamata_e2e" name="test_notifications_created_for_booking" time="0.137" /><testcase classname="tests.test_attesa_chiamata_e2e" name="test_followups_cancelled_after_handoff" time="0.448" /></testsuite></testsuites>