<?xml version="1.0" encoding="utf-8"?><testsuites name="pytest tests"><testsuite name="pytest" errors="0" failures="0" skipped="0" tests="27" time="5.081" timestamp="2026-08-20T14:17:41.101718+00:00" hostname="agent-env-3a6f137c-b146-49f7-8ee5-cdc6e0090d60"><testcase classname="tests.test_supergirl_api.TestAuth" name="test_admin_login" time="0.662" /><testcase classname="tests.test_supergirl_api.TestAltroRBAC" name="test_integrations_stati" time="0.998" /><testcase classname="tests.test_supergirl_api.TestAuth" name="test_operator_login" time="0.308" /><testcase classname="tests.test_supergirl_api.TestAuth" name="test_wrong_password_401" time="0.337" /><testcase classname="tests.test_supergirl_api.TestAltroRBAC" name="test_campaigns_have_lead_count" time="0.315" /><testcase classname="tests.test_supergirl_api.TestAuth" name="test_me_endpoint" time="0.528" /><testcase classname="tests.test_supergirl_api.TestSeed" name="test_13_leads_seeded" time="0.082" /><testcase classname="tests.test_supergirl_api.TestAltroRBAC" name="test_rbac_operator_cannot_create_service" time="0.629" /><testcase classname="tests.test_supergirl_api.TestSeed" name="test_pipeline_8_stages" time="0.094" /><testcase classname="tests.test_supergirl_api.TestAltroRBAC" name="test_rbac_operator_cannot_create_location" time="0.152" /><testcase classname="tests.test_supergirl_api.TestSeed" name="test_seed_collections" time="0.511" /><testcase classname="tests.test_supergirl_api.TestAltroRBAC" name="test_rbac_admin_can_create_and_delete_service" time="0.222" /><testcase classname="tests.test_supergirl_api.TestAltroRBAC" name="test_notifications" time="0.166" /><testcase classname="tests.test_supergirl_api.TestLeads" name="test_search" time="0.219" /><testcase classname="tests.test_supergirl_api.TestConversations" name="test_list_all" time="0.095" /><testcase classname="tests.test_supergirl_api.TestConversations" name="test_filters" time="0.378" /><testcase classname="tests.test_supergirl_api.TestLeads" name="test_patch_lead" time="0.515" /><testcase classname="tests.test_supergirl_api.TestConversations" name="test_get_conversation_detail" time="0.196" /><testcase classname="tests.test_supergirl_api.TestAnalytics" name="test_analytics_30d" time="0.118" /><testcase classname="tests.test_supergirl_api.TestLeads" name="test_change_status_creates_history_and_notif" time="0.442" /><testcase classname="tests.test_supergirl_api.TestAnalytics" name="test_filters" time="0.114" /><testcase classname="tests.test_supergirl_api.TestAnalytics" name="test_analytics_filter_by_dim" time="0.263" /><testcase classname="tests.test_supergirl_api.TestTakeReactivate" name="test_take_and_reactivate" time="0.316" /><testcase classname="tests.test_supergirl_api.TestAIQualify" name="test_qualify_no_handoff" time="0.451" /><testcase classname="tests.test_supergirl_api.TestTakeReactivate" name="test_operator_send_message" time="0.238" /><testcase classname="tests.test_supergirl_api.TestAIHandoff" name="test_full_handoff_flow" time="0.608" /><testcase classname="tests.test_supergirl_api.TestHome" name="test_priorities" time="0.196" /></testsuite></testsuites>