<?xml version="1.0" encoding="utf-8"?><testsuites name="pytest tests"><testsuite name="pytest" errors="0" failures="1" skipped="0" tests="16" time="2.701" timestamp="2026-09-05T10:58:09.214424+00:00" hostname="agent-env-3a6f137c-b146-49f7-8ee5-cdc6e0090d60"><testcase classname="tests.test_meta_fase2.TestMetaWebhookVerify" name="test_verify_ok" time="0.199" /><testcase classname="tests.test_meta_fase2.TestFase1Regression" name="test_admin_login" time="0.499" /><testcase classname="tests.test_meta_fase2.TestMetaWebhookVerify" name="test_verify_wrong_token_403" time="0.258" /><testcase classname="tests.test_meta_fase2.TestMetaWebhookVerify" name="test_verify_missing_mode_403" time="0.081" /><testcase classname="tests.test_meta_fase2.TestFase1Regression" name="test_operator_login" time="0.284" /><testcase classname="tests.test_meta_fase2.TestMetaStatus" name="test_admin_status" time="0.687" /><testcase classname="tests.test_meta_fase2.TestFase1Regression" name="test_home_priorities" time="0.709" /><testcase classname="tests.test_meta_fase2.TestFase1Regression" name="test_ai_handoff_still_works" time="0.203" /><testcase classname="tests.test_meta_fase2.TestMetaStatus" name="test_operator_status_no_verify_token" time="0.385" /><testcase classname="tests.test_meta_fase2.TestMetaStatus" name="test_integrations_meta_non_attivo" time="0.043" /><testcase classname="tests.test_meta_fase2.TestMetaSimulate" name="test_simulate_creates_full_flow" time="0.316" /><testcase classname="tests.test_meta_fase2.TestFase1Regression" name="test_analytics" time="0.062" /><testcase classname="tests.test_meta_fase2.TestMetaWebhookPost" name="test_object_not_page_returns_ok" time="0.094" /><testcase classname="tests.test_meta_fase2.TestMetaWebhookPost" name="test_missing_signature_no_crash_placeholder_secret" time="0.485" /><testcase classname="tests.test_meta_fase2.TestMetaSimulate" name="test_idempotency_same_leadgen_id" time="0.344"><failure message="assert False is True">tests/test_meta_fase2.py:172: in test_idempotency_same_leadgen_id
    assert d2["duplicate"] is True
E   assert False is True</failure></testcase><testcase classname="tests.test_meta_fase2.TestMetaSimulate" name="test_rbac_operator_cannot_simulate" time="0.044" /></testsuite></testsuites>